C:\Documents and Settings\tk\桌面\Portable\snacc-1.3\snacc\Release\cl.command.1.tlog
C:\Documents and Settings\tk\桌面\Portable\snacc-1.3\snacc\Release\CL.read.1.tlog
C:\Documents and Settings\tk\桌面\Portable\snacc-1.3\snacc\Release\CL.write.1.tlog
C:\DOCUMENTS AND SETTINGS\TK\桌面\PORTABLE\SNACC-1.3\SNACC\RELEASE\VC100.PDB
C:\DOCUMENTS AND SETTINGS\TK\桌面\PORTABLE\SNACC-1.3\SNACC\SNACC-1.3-SRC\COMPILER\BACK-ENDS\C++-GEN\GEN-ANY.OBJ
C:\DOCUMENTS AND SETTINGS\TK\桌面\PORTABLE\SNACC-1.3\SNACC\SNACC-1.3-SRC\COMPILER\BACK-ENDS\C++-GEN\GEN-CODE.OBJ
C:\DOCUMENTS AND SETTINGS\TK\桌面\PORTABLE\SNACC-1.3\SNACC\SNACC-1.3-SRC\COMPILER\BACK-ENDS\C++-GEN\GEN-VALS.OBJ
C:\DOCUMENTS AND SETTINGS\TK\桌面\PORTABLE\SNACC-1.3\SNACC\SNACC-1.3-SRC\COMPILER\BACK-ENDS\C++-GEN\KWD.OBJ
C:\DOCUMENTS AND SETTINGS\TK\桌面\PORTABLE\SNACC-1.3\SNACC\SNACC-1.3-SRC\COMPILER\BACK-ENDS\C++-GEN\RULES.OBJ
C:\DOCUMENTS AND SETTINGS\TK\桌面\PORTABLE\SNACC-1.3\SNACC\SNACC-1.3-SRC\COMPILER\BACK-ENDS\C++-GEN\TYPES.OBJ
C:\DOCUMENTS AND SETTINGS\TK\桌面\PORTABLE\SNACC-1.3\SNACC\SNACC-1.3-SRC\COMPILER\BACK-ENDS\C-GEN\GEN-ANY.OBJ
C:\DOCUMENTS AND SETTINGS\TK\桌面\PORTABLE\SNACC-1.3\SNACC\SNACC-1.3-SRC\COMPILER\BACK-ENDS\C-GEN\GEN-CODE.OBJ
C:\DOCUMENTS AND SETTINGS\TK\桌面\PORTABLE\SNACC-1.3\SNACC\SNACC-1.3-SRC\COMPILER\BACK-ENDS\C-GEN\GEN-DEC.OBJ
C:\DOCUMENTS AND SETTINGS\TK\桌面\PORTABLE\SNACC-1.3\SNACC\SNACC-1.3-SRC\COMPILER\BACK-ENDS\C-GEN\GEN-ENC.OBJ
C:\DOCUMENTS AND SETTINGS\TK\桌面\PORTABLE\SNACC-1.3\SNACC\SNACC-1.3-SRC\COMPILER\BACK-ENDS\C-GEN\GEN-FREE.OBJ
C:\DOCUMENTS AND SETTINGS\TK\桌面\PORTABLE\SNACC-1.3\SNACC\SNACC-1.3-SRC\COMPILER\BACK-ENDS\C-GEN\GEN-PRINT.OBJ
C:\DOCUMENTS AND SETTINGS\TK\桌面\PORTABLE\SNACC-1.3\SNACC\SNACC-1.3-SRC\COMPILER\BACK-ENDS\C-GEN\GEN-TYPE.OBJ
C:\DOCUMENTS AND SETTINGS\TK\桌面\PORTABLE\SNACC-1.3\SNACC\SNACC-1.3-SRC\COMPILER\BACK-ENDS\C-GEN\GEN-VALS.OBJ
C:\DOCUMENTS AND SETTINGS\TK\桌面\PORTABLE\SNACC-1.3\SNACC\SNACC-1.3-SRC\COMPILER\BACK-ENDS\C-GEN\KWD.OBJ
C:\DOCUMENTS AND SETTINGS\TK\桌面\PORTABLE\SNACC-1.3\SNACC\SNACC-1.3-SRC\COMPILER\BACK-ENDS\C-GEN\RULES.OBJ
C:\DOCUMENTS AND SETTINGS\TK\桌面\PORTABLE\SNACC-1.3\SNACC\SNACC-1.3-SRC\COMPILER\BACK-ENDS\C-GEN\TYPE-INFO.OBJ
C:\DOCUMENTS AND SETTINGS\TK\桌面\PORTABLE\SNACC-1.3\SNACC\SNACC-1.3-SRC\COMPILER\BACK-ENDS\C-GEN\UTIL.OBJ
C:\DOCUMENTS AND SETTINGS\TK\桌面\PORTABLE\SNACC-1.3\SNACC\SNACC-1.3-SRC\COMPILER\BACK-ENDS\COND.OBJ
C:\DOCUMENTS AND SETTINGS\TK\桌面\PORTABLE\SNACC-1.3\SNACC\SNACC-1.3-SRC\COMPILER\BACK-ENDS\IDL-GEN\GEN-ANY.OBJ
C:\DOCUMENTS AND SETTINGS\TK\桌面\PORTABLE\SNACC-1.3\SNACC\SNACC-1.3-SRC\COMPILER\BACK-ENDS\IDL-GEN\GEN-CODE.OBJ
C:\DOCUMENTS AND SETTINGS\TK\桌面\PORTABLE\SNACC-1.3\SNACC\SNACC-1.3-SRC\COMPILER\BACK-ENDS\IDL-GEN\GEN-VALS.OBJ
C:\DOCUMENTS AND SETTINGS\TK\桌面\PORTABLE\SNACC-1.3\SNACC\SNACC-1.3-SRC\COMPILER\BACK-ENDS\IDL-GEN\RULES.OBJ
C:\DOCUMENTS AND SETTINGS\TK\桌面\PORTABLE\SNACC-1.3\SNACC\SNACC-1.3-SRC\COMPILER\BACK-ENDS\IDL-GEN\TYPES.OBJ
C:\DOCUMENTS AND SETTINGS\TK\桌面\PORTABLE\SNACC-1.3\SNACC\SNACC-1.3-SRC\COMPILER\BACK-ENDS\STR-UTIL.OBJ
C:\DOCUMENTS AND SETTINGS\TK\桌面\PORTABLE\SNACC-1.3\SNACC\SNACC-1.3-SRC\COMPILER\BACK-ENDS\TAG-UTIL.OBJ
C:\DOCUMENTS AND SETTINGS\TK\桌面\PORTABLE\SNACC-1.3\SNACC\SNACC-1.3-SRC\COMPILER\CORE\DEFINE.OBJ
C:\DOCUMENTS AND SETTINGS\TK\桌面\PORTABLE\SNACC-1.3\SNACC\SNACC-1.3-SRC\COMPILER\CORE\DEPENDENCY.OBJ
C:\DOCUMENTS AND SETTINGS\TK\桌面\PORTABLE\SNACC-1.3\SNACC\SNACC-1.3-SRC\COMPILER\CORE\DO-MACROS.OBJ
C:\DOCUMENTS AND SETTINGS\TK\桌面\PORTABLE\SNACC-1.3\SNACC\SNACC-1.3-SRC\COMPILER\CORE\ERR-CHK.OBJ
C:\DOCUMENTS AND SETTINGS\TK\桌面\PORTABLE\SNACC-1.3\SNACC\SNACC-1.3-SRC\COMPILER\CORE\EXPORTS.OBJ
C:\DOCUMENTS AND SETTINGS\TK\桌面\PORTABLE\SNACC-1.3\SNACC\SNACC-1.3-SRC\COMPILER\CORE\GEN-TBLS.OBJ
C:\DOCUMENTS AND SETTINGS\TK\桌面\PORTABLE\SNACC-1.3\SNACC\SNACC-1.3-SRC\COMPILER\CORE\LIB-TYPES.OBJ
C:\DOCUMENTS AND SETTINGS\TK\桌面\PORTABLE\SNACC-1.3\SNACC\SNACC-1.3-SRC\COMPILER\CORE\LINK-TYPES.OBJ
C:\DOCUMENTS AND SETTINGS\TK\桌面\PORTABLE\SNACC-1.3\SNACC\SNACC-1.3-SRC\COMPILER\CORE\LINK-VALUES.OBJ
C:\DOCUMENTS AND SETTINGS\TK\桌面\PORTABLE\SNACC-1.3\SNACC\SNACC-1.3-SRC\COMPILER\CORE\MEM.OBJ
C:\DOCUMENTS AND SETTINGS\TK\桌面\PORTABLE\SNACC-1.3\SNACC\SNACC-1.3-SRC\COMPILER\CORE\META.OBJ
C:\DOCUMENTS AND SETTINGS\TK\桌面\PORTABLE\SNACC-1.3\SNACC\SNACC-1.3-SRC\COMPILER\CORE\NORMALIZE.OBJ
C:\DOCUMENTS AND SETTINGS\TK\桌面\PORTABLE\SNACC-1.3\SNACC\SNACC-1.3-SRC\COMPILER\CORE\OID.OBJ
C:\DOCUMENTS AND SETTINGS\TK\桌面\PORTABLE\SNACC-1.3\SNACC\SNACC-1.3-SRC\COMPILER\CORE\PARSE-ASN1.OBJ
C:\DOCUMENTS AND SETTINGS\TK\桌面\PORTABLE\SNACC-1.3\SNACC\SNACC-1.3-SRC\COMPILER\CORE\PRINT.OBJ
C:\DOCUMENTS AND SETTINGS\TK\桌面\PORTABLE\SNACC-1.3\SNACC\SNACC-1.3-SRC\COMPILER\CORE\RECURSIVE.OBJ
C:\DOCUMENTS AND SETTINGS\TK\桌面\PORTABLE\SNACC-1.3\SNACC\SNACC-1.3-SRC\COMPILER\CORE\SNACC.OBJ
C:\DOCUMENTS AND SETTINGS\TK\桌面\PORTABLE\SNACC-1.3\SNACC\SNACC-1.3-SRC\COMPILER\CORE\SNACC-UTIL.OBJ
C:\DOCUMENTS AND SETTINGS\TK\桌面\PORTABLE\SNACC-1.3\SNACC\SNACC-1.3-SRC\COMPILER\CORE\TBL.OBJ
C:\DOCUMENTS AND SETTINGS\TK\桌面\PORTABLE\SNACC-1.3\SNACC\SNACC-1.3-SRC\COMPILER\CORE\VAL-PARSER.OBJ
