生成启动时间为 2015-12-21 22:33:34。
项目“C:\Documents and Settings\tk\桌面\Portable\snacc-1.3\libasn1ctbl\libasn1ctbl.vcxproj”在节点 2 上(build 个目标)。
InitializeBuildStatus:
  正在创建“Debug\libasn1ctbl.unsuccessfulbuild”，因为已指定“AlwaysCreate”。
ClCompile:
  C:\Program Files\Microsoft Visual Studio 10.0\VC\bin\CL.exe /c /ZI /nologo /W3 /WX- /Od /Oy- /D WIN32 /D _DEBUG /D _LIB /D _UNICODE /D UNICODE /D USE_GEN_BUF /D TTBL /D FLEX_IN_USE /Gm /EHsc /RTC1 /MDd /GS /fp:precise /Zc:wchar_t /Zc:forScope /Fo"Debug\\" /Fd"Debug\vc100.pdb" /Gd /TC /analyze- /errorReport:prompt "..\snacc-1.3-src\c-lib\tbl\asn-any.c" "..\snacc-1.3-src\c-lib\tbl\asn-bits.c" "..\snacc-1.3-src\c-lib\tbl\asn-bool.c" "..\snacc-1.3-src\c-lib\tbl\asn-enum.c" "..\snacc-1.3-src\c-lib\tbl\asn-int.c" "..\snacc-1.3-src\c-lib\tbl\asn-len.c" "..\snacc-1.3-src\c-lib\tbl\asn-list.c" "..\snacc-1.3-src\c-lib\tbl\asn-null.c" "..\snacc-1.3-src\c-lib\tbl\asn-octs.c" "..\snacc-1.3-src\c-lib\tbl\asn-oid.c" "..\snacc-1.3-src\c-lib\tbl\asn-real.c" "..\snacc-1.3-src\c-lib\tbl\asn-tag.c" "..\snacc-1.3-src\c-lib\tbl\asn-useful.c" "..\snacc-1.3-src\c-lib\tbl\exp-buf.c" "..\snacc-1.3-src\c-lib\tbl\hash.c" "..\snacc-1.3-src\c-lib\tbl\nibble-alloc.c" "..\snacc-1.3-src\c-lib\tbl\print.c" "..\snacc-1.3-src\c-lib\tbl\sbuf.c" "..\snacc-1.3-src\c-lib\tbl\str-stk.c" "..\snacc-1.3-src\c-lib\tbl\tbl-dbg.c" "..\snacc-1.3-src\c-lib\tbl\tbl-dec.c" "..\snacc-1.3-src\c-lib\tbl\tbl-enc.c" "..\snacc-1.3-src\c-lib\tbl\tbl-free.c" "..\snacc-1.3-src\c-lib\tbl\tbl-gen.c" "..\snacc-1.3-src\c-lib\tbl\tbl-print.c" "..\snacc-1.3-src\c-lib\tbl\tbl-util.c" "..\snacc-1.3-src\c-lib\tbl\tbl.c"
  tbl.c
c:\documents and settings\tk\桌面\portable\snacc-1.3\snacc-1.3-src\c-lib\tbl\tbl.c(28): warning C4101: “component”: 未引用的局部变量
c:\documents and settings\tk\桌面\portable\snacc-1.3\snacc-1.3-src\c-lib\tbl\tbl.c(27): warning C4101: “listLen”: 未引用的局部变量
c:\documents and settings\tk\桌面\portable\snacc-1.3\snacc-1.3-src\c-lib\tbl\tbl.c(143): warning C4101: “component”: 未引用的局部变量
c:\documents and settings\tk\桌面\portable\snacc-1.3\snacc-1.3-src\c-lib\tbl\tbl.c(142): warning C4101: “listLen”: 未引用的局部变量
c:\documents and settings\tk\桌面\portable\snacc-1.3\snacc-1.3-src\c-lib\tbl\tbl.c(370): warning C4101: “component”: 未引用的局部变量
c:\documents and settings\tk\桌面\portable\snacc-1.3\snacc-1.3-src\c-lib\tbl\tbl.c(369): warning C4101: “listLen”: 未引用的局部变量
c:\documents and settings\tk\桌面\portable\snacc-1.3\snacc-1.3-src\c-lib\tbl\tbl.c(494): warning C4133: “函数”: 从“TBLTagClass *”到“AsnInt *”的类型不兼容
c:\documents and settings\tk\桌面\portable\snacc-1.3\snacc-1.3-src\c-lib\tbl\tbl.c(485): warning C4101: “component”: 未引用的局部变量
c:\documents and settings\tk\桌面\portable\snacc-1.3\snacc-1.3-src\c-lib\tbl\tbl.c(484): warning C4101: “listLen”: 未引用的局部变量
c:\documents and settings\tk\桌面\portable\snacc-1.3\snacc-1.3-src\c-lib\tbl\tbl.c(526): warning C4133: “函数”: 从“TBLTagClass *”到“AsnInt *”的类型不兼容
c:\documents and settings\tk\桌面\portable\snacc-1.3\snacc-1.3-src\c-lib\tbl\tbl.c(566): warning C4133: “函数”: 从“TBLTagClass *”到“AsnInt *”的类型不兼容
c:\documents and settings\tk\桌面\portable\snacc-1.3\snacc-1.3-src\c-lib\tbl\tbl.c(879): warning C4133: “函数”: 从“TBLTypeId *”到“AsnInt *”的类型不兼容
c:\documents and settings\tk\桌面\portable\snacc-1.3\snacc-1.3-src\c-lib\tbl\tbl.c(824): warning C4101: “component”: 未引用的局部变量
c:\documents and settings\tk\桌面\portable\snacc-1.3\snacc-1.3-src\c-lib\tbl\tbl.c(823): warning C4101: “listLen”: 未引用的局部变量
c:\documents and settings\tk\桌面\portable\snacc-1.3\snacc-1.3-src\c-lib\tbl\tbl.c(917): warning C4133: “函数”: 从“TBLTypeId *”到“AsnInt *”的类型不兼容
c:\documents and settings\tk\桌面\portable\snacc-1.3\snacc-1.3-src\c-lib\tbl\tbl.c(908): warning C4101: “elmtLen3”: 未引用的局部变量
c:\documents and settings\tk\桌面\portable\snacc-1.3\snacc-1.3-src\c-lib\tbl\tbl.c(909): warning C4101: “tagId3”: 未引用的局部变量
c:\documents and settings\tk\桌面\portable\snacc-1.3\snacc-1.3-src\c-lib\tbl\tbl.c(1047): warning C4133: “函数”: 从“TBLTypeId *”到“AsnInt *”的类型不兼容
c:\documents and settings\tk\桌面\portable\snacc-1.3\snacc-1.3-src\c-lib\tbl\tbl.c(1139): warning C4101: “component”: 未引用的局部变量
c:\documents and settings\tk\桌面\portable\snacc-1.3\snacc-1.3-src\c-lib\tbl\tbl.c(1138): warning C4101: “listLen”: 未引用的局部变量
c:\documents and settings\tk\桌面\portable\snacc-1.3\snacc-1.3-src\c-lib\tbl\tbl.c(1190): warning C4101: “tagId1”: 未引用的局部变量
c:\documents and settings\tk\桌面\portable\snacc-1.3\snacc-1.3-src\c-lib\tbl\tbl.c(1189): warning C4101: “elmtLen1”: 未引用的局部变量
c:\documents and settings\tk\桌面\portable\snacc-1.3\snacc-1.3-src\c-lib\tbl\tbl.c(1284): warning C4101: “component”: 未引用的局部变量
c:\documents and settings\tk\桌面\portable\snacc-1.3\snacc-1.3-src\c-lib\tbl\tbl.c(1283): warning C4101: “listLen”: 未引用的局部变量
c:\documents and settings\tk\桌面\portable\snacc-1.3\snacc-1.3-src\c-lib\tbl\tbl.c(1581): warning C4101: “component”: 未引用的局部变量
c:\documents and settings\tk\桌面\portable\snacc-1.3\snacc-1.3-src\c-lib\tbl\tbl.c(1580): warning C4101: “listLen”: 未引用的局部变量
c:\documents and settings\tk\桌面\portable\snacc-1.3\snacc-1.3-src\c-lib\tbl\tbl.c(1894): warning C4101: “component”: 未引用的局部变量
c:\documents and settings\tk\桌面\portable\snacc-1.3\snacc-1.3-src\c-lib\tbl\tbl.c(1893): warning C4101: “listLen”: 未引用的局部变量
  tbl-util.c
c:\documents and settings\tk\桌面\portable\snacc-1.3\snacc-1.3-src\c-lib\inc\tbl-incl.h(27): warning C4005: “TTBL”: 宏重定义
          命令行参数: 参见前面的“TTBL”定义
c:\documents and settings\tk\桌面\portable\snacc-1.3\snacc-1.3-src\c-lib\tbl\tbl-util.c(49): warning C4996: 'fopen': This function or variable may be unsafe. Consider using fopen_s instead. To disable deprecation, use _CRT_SECURE_NO_WARNINGS. See online help for details.
          c:\program files\microsoft visual studio 10.0\vc\include\stdio.h(234) : 参见“fopen”的声明
c:\documents and settings\tk\桌面\portable\snacc-1.3\snacc-1.3-src\c-lib\tbl\tbl-util.c(87): warning C4101: “sbPtr”: 未引用的局部变量
c:\documents and settings\tk\桌面\portable\snacc-1.3\snacc-1.3-src\c-lib\tbl\tbl-util.c(360): warning C4013: “strcmp”未定义；假设外部返回 int
  tbl-print.c
c:\documents and settings\tk\桌面\portable\snacc-1.3\snacc-1.3-src\c-lib\inc\tbl-incl.h(27): warning C4005: “TTBL”: 宏重定义
          命令行参数: 参见前面的“TTBL”定义
  tbl-gen.c
c:\documents and settings\tk\桌面\portable\snacc-1.3\snacc-1.3-src\c-lib\inc\tbl-incl.h(27): warning C4005: “TTBL”: 宏重定义
          命令行参数: 参见前面的“TTBL”定义
c:\documents and settings\tk\桌面\portable\snacc-1.3\snacc-1.3-src\c-lib\tbl\tbl-gen.c(196): warning C4101: “len”: 未引用的局部变量
c:\documents and settings\tk\桌面\portable\snacc-1.3\snacc-1.3-src\c-lib\tbl\tbl-gen.c(197): warning C4101: “encSize”: 未引用的局部变量
c:\documents and settings\tk\桌面\portable\snacc-1.3\snacc-1.3-src\c-lib\tbl\tbl-gen.c(307): warning C4013: “TagsMatch”未定义；假设外部返回 int
c:\documents and settings\tk\桌面\portable\snacc-1.3\snacc-1.3-src\c-lib\tbl\tbl-gen.c(339): warning C4101: “tmpHndl”: 未引用的局部变量
c:\documents and settings\tk\桌面\portable\snacc-1.3\snacc-1.3-src\c-lib\tbl\tbl-gen.c(335): warning C4101: “currElmt”: 未引用的局部变量
c:\documents and settings\tk\桌面\portable\snacc-1.3\snacc-1.3-src\c-lib\tbl\tbl-gen.c(341): warning C4101: “i”: 未引用的局部变量
c:\documents and settings\tk\桌面\portable\snacc-1.3\snacc-1.3-src\c-lib\tbl\tbl-gen.c(347): warning C4101: “indefinite”: 未引用的局部变量
c:\documents and settings\tk\桌面\portable\snacc-1.3\snacc-1.3-src\c-lib\tbl\tbl-gen.c(333): warning C4101: “elmtVPtr”: 未引用的局部变量
c:\documents and settings\tk\桌面\portable\snacc-1.3\snacc-1.3-src\c-lib\tbl\tbl-gen.c(338): warning C4101: “eleVal”: 未引用的局部变量
  tbl-free.c
c:\documents and settings\tk\桌面\portable\snacc-1.3\snacc-1.3-src\c-lib\inc\tbl-incl.h(27): warning C4005: “TTBL”: 宏重定义
          命令行参数: 参见前面的“TTBL”定义
  tbl-enc.c
c:\documents and settings\tk\桌面\portable\snacc-1.3\snacc-1.3-src\c-lib\inc\tbl-incl.h(27): warning C4005: “TTBL”: 宏重定义
          命令行参数: 参见前面的“TTBL”定义
  tbl-dec.c
c:\documents and settings\tk\桌面\portable\snacc-1.3\snacc-1.3-src\c-lib\inc\tbl-incl.h(27): warning C4005: “TTBL”: 宏重定义
          命令行参数: 参见前面的“TTBL”定义
c:\documents and settings\tk\桌面\portable\snacc-1.3\snacc-1.3-src\c-lib\tbl\tbl-dec.c(180): warning C4018: “>=”: 有符号/无符号不匹配
c:\documents and settings\tk\桌面\portable\snacc-1.3\snacc-1.3-src\c-lib\tbl\tbl-dec.c(201): warning C4018: “>=”: 有符号/无符号不匹配
  tbl-dbg.c
c:\documents and settings\tk\桌面\portable\snacc-1.3\snacc-1.3-src\c-lib\inc\tbl-incl.h(27): warning C4005: “TTBL”: 宏重定义
          命令行参数: 参见前面的“TTBL”定义
c:\documents and settings\tk\桌面\portable\snacc-1.3\snacc-1.3-src\c-lib\tbl\tbl-dbg.c(10): warning C4018: “<”: 有符号/无符号不匹配
c:\documents and settings\tk\桌面\portable\snacc-1.3\snacc-1.3-src\c-lib\tbl\tbl-dbg.c(11): warning C4013: “isprint”未定义；假设外部返回 int
c:\documents and settings\tk\桌面\portable\snacc-1.3\snacc-1.3-src\c-lib\tbl\tbl-dbg.c(215): warning C4101: “i”: 未引用的局部变量
c:\documents and settings\tk\桌面\portable\snacc-1.3\snacc-1.3-src\c-lib\tbl\tbl-dbg.c(313): warning C4133: “初始化”: 从“void (__cdecl *)(FILE *,AsnBool *,unsigned short)”到“Proc”的类型不兼容
c:\documents and settings\tk\桌面\portable\snacc-1.3\snacc-1.3-src\c-lib\tbl\tbl-dbg.c(313): warning C4133: “初始化”: 从“void (__cdecl *)(FILE *,AsnInt *,unsigned short)”到“Proc”的类型不兼容
c:\documents and settings\tk\桌面\portable\snacc-1.3\snacc-1.3-src\c-lib\tbl\tbl-dbg.c(313): warning C4133: “初始化”: 从“void (__cdecl *)(FILE *,AsnBits *,unsigned short)”到“Proc”的类型不兼容
c:\documents and settings\tk\桌面\portable\snacc-1.3\snacc-1.3-src\c-lib\tbl\tbl-dbg.c(314): warning C4133: “初始化”: 从“void (__cdecl *)(FILE *,AsnOcts *,unsigned short)”到“Proc”的类型不兼容
c:\documents and settings\tk\桌面\portable\snacc-1.3\snacc-1.3-src\c-lib\tbl\tbl-dbg.c(315): warning C4133: “初始化”: 从“void (__cdecl *)(FILE *,AsnNull *,unsigned short)”到“Proc”的类型不兼容
c:\documents and settings\tk\桌面\portable\snacc-1.3\snacc-1.3-src\c-lib\tbl\tbl-dbg.c(315): warning C4133: “初始化”: 从“void (__cdecl *)(FILE *,AsnOid *,unsigned short)”到“Proc”的类型不兼容
c:\documents and settings\tk\桌面\portable\snacc-1.3\snacc-1.3-src\c-lib\tbl\tbl-dbg.c(315): warning C4133: “初始化”: 从“void (__cdecl *)(FILE *,AsnReal *,unsigned short)”到“Proc”的类型不兼容
c:\documents and settings\tk\桌面\portable\snacc-1.3\snacc-1.3-src\c-lib\tbl\tbl-dbg.c(315): warning C4133: “初始化”: 从“void (__cdecl *)(FILE *,AsnInt *,unsigned short)”到“Proc”的类型不兼容
  str-stk.c
  sbuf.c
c:\documents and settings\tk\桌面\portable\snacc-1.3\snacc-1.3-src\c-lib\tbl\sbuf.c(233): warning C4013: “memcpy”未定义；假设外部返回 int
  print.c
  nibble-alloc.c
c:\documents and settings\tk\桌面\portable\snacc-1.3\snacc-1.3-src\c-lib\tbl\nibble-alloc.c(112): warning C4018: “<”: 有符号/无符号不匹配
  hash.c
c:\documents and settings\tk\桌面\portable\snacc-1.3\snacc-1.3-src\c-lib\tbl\hash.c(113): warning C4013: “memset”未定义；假设外部返回 int
  exp-buf.c
c:\documents and settings\tk\桌面\portable\snacc-1.3\snacc-1.3-src\c-lib\tbl\exp-buf.c(478): warning C4018: “<=”: 有符号/无符号不匹配
c:\documents and settings\tk\桌面\portable\snacc-1.3\snacc-1.3-src\c-lib\tbl\exp-buf.c(508): warning C4013: “memcpy”未定义；假设外部返回 int
c:\documents and settings\tk\桌面\portable\snacc-1.3\snacc-1.3-src\c-lib\tbl\exp-buf.c(512): warning C4018: “>=”: 有符号/无符号不匹配
c:\documents and settings\tk\桌面\portable\snacc-1.3\snacc-1.3-src\c-lib\tbl\exp-buf.c(565): warning C4018: “>=”: 有符号/无符号不匹配
c:\documents and settings\tk\桌面\portable\snacc-1.3\snacc-1.3-src\c-lib\tbl\exp-buf.c(641): warning C4018: “<=”: 有符号/无符号不匹配
c:\documents and settings\tk\桌面\portable\snacc-1.3\snacc-1.3-src\c-lib\tbl\exp-buf.c(705): warning C4018: “>”: 有符号/无符号不匹配
  asn-useful.c
c:\documents and settings\tk\桌面\portable\snacc-1.3\snacc-1.3-src\c-lib\tbl\asn-useful.c(399): warning C4101: “component”: 未引用的局部变量
c:\documents and settings\tk\桌面\portable\snacc-1.3\snacc-1.3-src\c-lib\tbl\asn-useful.c(398): warning C4101: “listLen”: 未引用的局部变量
c:\documents and settings\tk\桌面\portable\snacc-1.3\snacc-1.3-src\c-lib\tbl\asn-useful.c(454): warning C4101: “tagId2”: 未引用的局部变量
c:\documents and settings\tk\桌面\portable\snacc-1.3\snacc-1.3-src\c-lib\tbl\asn-useful.c(453): warning C4101: “elmtLen2”: 未引用的局部变量
c:\documents and settings\tk\桌面\portable\snacc-1.3\snacc-1.3-src\c-lib\tbl\asn-useful.c(599): warning C4101: “component”: 未引用的局部变量
c:\documents and settings\tk\桌面\portable\snacc-1.3\snacc-1.3-src\c-lib\tbl\asn-useful.c(598): warning C4101: “listLen”: 未引用的局部变量
c:\documents and settings\tk\桌面\portable\snacc-1.3\snacc-1.3-src\c-lib\tbl\asn-useful.c(653): warning C4101: “tagId2”: 未引用的局部变量
c:\documents and settings\tk\桌面\portable\snacc-1.3\snacc-1.3-src\c-lib\tbl\asn-useful.c(652): warning C4101: “elmtLen2”: 未引用的局部变量
  asn-tag.c
  asn-real.c
c:\documents and settings\tk\桌面\portable\snacc-1.3\snacc-1.3-src\c-lib\tbl\asn-real.c(796): warning C4018: “<”: 有符号/无符号不匹配
  asn-oid.c
c:\documents and settings\tk\桌面\portable\snacc-1.3\snacc-1.3-src\c-lib\tbl\asn-oid.c(125): warning C4018: “<”: 有符号/无符号不匹配
c:\documents and settings\tk\桌面\portable\snacc-1.3\snacc-1.3-src\c-lib\tbl\asn-oid.c(130): warning C4244: “=”: 从“unsigned long”转换到“unsigned short”，可能丢失数据
c:\documents and settings\tk\桌面\portable\snacc-1.3\snacc-1.3-src\c-lib\tbl\asn-oid.c(136): warning C4018: “<”: 有符号/无符号不匹配
c:\documents and settings\tk\桌面\portable\snacc-1.3\snacc-1.3-src\c-lib\tbl\asn-oid.c(138): warning C4018: “<”: 有符号/无符号不匹配
c:\documents and settings\tk\桌面\portable\snacc-1.3\snacc-1.3-src\c-lib\tbl\asn-oid.c(235): warning C4018: “<”: 有符号/无符号不匹配
c:\documents and settings\tk\桌面\portable\snacc-1.3\snacc-1.3-src\c-lib\tbl\asn-oid.c(236): warning C4244: “=”: 从“unsigned long”转换到“char”，可能丢失数据
c:\documents and settings\tk\桌面\portable\snacc-1.3\snacc-1.3-src\c-lib\tbl\asn-oid.c(261): warning C4018: “<”: 有符号/无符号不匹配
c:\documents and settings\tk\桌面\portable\snacc-1.3\snacc-1.3-src\c-lib\tbl\asn-oid.c(262): warning C4244: “=”: 从“long”转换到“char”，可能丢失数据
c:\documents and settings\tk\桌面\portable\snacc-1.3\snacc-1.3-src\c-lib\tbl\asn-oid.c(289): warning C4018: “<”: 有符号/无符号不匹配
c:\documents and settings\tk\桌面\portable\snacc-1.3\snacc-1.3-src\c-lib\tbl\asn-oid.c(307): warning C4018: “<”: 有符号/无符号不匹配
c:\documents and settings\tk\桌面\portable\snacc-1.3\snacc-1.3-src\c-lib\tbl\asn-oid.c(309): warning C4018: “<”: 有符号/无符号不匹配
  asn-octs.c
c:\documents and settings\tk\桌面\portable\snacc-1.3\snacc-1.3-src\c-lib\tbl\asn-octs.c(209): warning C4013: “memcpy”未定义；假设外部返回 int
c:\documents and settings\tk\桌面\portable\snacc-1.3\snacc-1.3-src\c-lib\tbl\asn-octs.c(282): warning C4018: “<”: 有符号/无符号不匹配
c:\documents and settings\tk\桌面\portable\snacc-1.3\snacc-1.3-src\c-lib\tbl\asn-octs.c(290): warning C4018: “<”: 有符号/无符号不匹配
c:\documents and settings\tk\桌面\portable\snacc-1.3\snacc-1.3-src\c-lib\tbl\asn-octs.c(310): warning C4013: “memcmp”未定义；假设外部返回 int
  asn-null.c
  正在生成代码...
c:\documents and settings\tk\桌面\portable\snacc-1.3\snacc-1.3-src\c-lib\tbl\exp-buf.c(479): warning C4700: 使用了未初始化的局部变量“bytesLeft”
c:\documents and settings\tk\桌面\portable\snacc-1.3\snacc-1.3-src\c-lib\tbl\sbuf.c(145): warning C4716: “SBufDataPtr”: 必须返回一个值
c:\documents and settings\tk\桌面\portable\snacc-1.3\snacc-1.3-src\c-lib\tbl\sbuf.c(370): warning C4715: “SBufGetByte”: 不是所有的控件路径都返回值
  正在编译...
  asn-list.c
c:\documents and settings\tk\桌面\portable\snacc-1.3\snacc-1.3-src\c-lib\tbl\asn-list.c(441): warning C4018: “>”: 有符号/无符号不匹配
  asn-len.c
c:\documents and settings\tk\桌面\portable\snacc-1.3\snacc-1.3-src\c-lib\tbl\asn-len.c(46): warning C4244: “函数”: 从“AsnLen”转换到“unsigned char”，可能丢失数据
c:\documents and settings\tk\桌面\portable\snacc-1.3\snacc-1.3-src\c-lib\tbl\asn-len.c(51): warning C4244: “函数”: 从“AsnLen”转换到“unsigned char”，可能丢失数据
c:\documents and settings\tk\桌面\portable\snacc-1.3\snacc-1.3-src\c-lib\tbl\asn-len.c(57): warning C4244: “函数”: 从“AsnLen”转换到“unsigned char”，可能丢失数据
c:\documents and settings\tk\桌面\portable\snacc-1.3\snacc-1.3-src\c-lib\tbl\asn-len.c(58): warning C4244: “函数”: 从“AsnLen”转换到“unsigned char”，可能丢失数据
c:\documents and settings\tk\桌面\portable\snacc-1.3\snacc-1.3-src\c-lib\tbl\asn-len.c(64): warning C4244: “函数”: 从“AsnLen”转换到“unsigned char”，可能丢失数据
c:\documents and settings\tk\桌面\portable\snacc-1.3\snacc-1.3-src\c-lib\tbl\asn-len.c(65): warning C4244: “函数”: 从“AsnLen”转换到“unsigned char”，可能丢失数据
c:\documents and settings\tk\桌面\portable\snacc-1.3\snacc-1.3-src\c-lib\tbl\asn-len.c(66): warning C4244: “函数”: 从“AsnLen”转换到“unsigned char”，可能丢失数据
c:\documents and settings\tk\桌面\portable\snacc-1.3\snacc-1.3-src\c-lib\tbl\asn-len.c(72): warning C4244: “函数”: 从“AsnLen”转换到“unsigned char”，可能丢失数据
c:\documents and settings\tk\桌面\portable\snacc-1.3\snacc-1.3-src\c-lib\tbl\asn-len.c(73): warning C4244: “函数”: 从“AsnLen”转换到“unsigned char”，可能丢失数据
c:\documents and settings\tk\桌面\portable\snacc-1.3\snacc-1.3-src\c-lib\tbl\asn-len.c(74): warning C4244: “函数”: 从“AsnLen”转换到“unsigned char”，可能丢失数据
c:\documents and settings\tk\桌面\portable\snacc-1.3\snacc-1.3-src\c-lib\tbl\asn-len.c(95): warning C4244: “函数”: 从“long”转换到“unsigned char”，可能丢失数据
c:\documents and settings\tk\桌面\portable\snacc-1.3\snacc-1.3-src\c-lib\tbl\asn-len.c(101): warning C4244: “函数”: 从“unsigned long”转换到“unsigned char”，可能丢失数据
  asn-int.c
c:\documents and settings\tk\桌面\portable\snacc-1.3\snacc-1.3-src\c-lib\tbl\asn-int.c(121): warning C4244: “函数”: 从“unsigned long”转换到“unsigned char”，可能丢失数据
c:\documents and settings\tk\桌面\portable\snacc-1.3\snacc-1.3-src\c-lib\tbl\asn-int.c(166): warning C4018: “<”: 有符号/无符号不匹配
c:\documents and settings\tk\桌面\portable\snacc-1.3\snacc-1.3-src\c-lib\tbl\asn-int.c(271): warning C4244: “函数”: 从“unsigned long”转换到“unsigned char”，可能丢失数据
c:\documents and settings\tk\桌面\portable\snacc-1.3\snacc-1.3-src\c-lib\tbl\asn-int.c(298): warning C4244: “函数”: 从“unsigned long”转换到“unsigned char”，可能丢失数据
c:\documents and settings\tk\桌面\portable\snacc-1.3\snacc-1.3-src\c-lib\tbl\asn-int.c(350): warning C4018: “<”: 有符号/无符号不匹配
  asn-enum.c
  asn-bool.c
  asn-bits.c
c:\documents and settings\tk\桌面\portable\snacc-1.3\snacc-1.3-src\c-lib\tbl\asn-bits.c(120): warning C4244: “函数”: 从“unsigned long”转换到“unsigned char”，可能丢失数据
c:\documents and settings\tk\桌面\portable\snacc-1.3\snacc-1.3-src\c-lib\tbl\asn-bits.c(330): warning C4018: “<”: 有符号/无符号不匹配
c:\documents and settings\tk\桌面\portable\snacc-1.3\snacc-1.3-src\c-lib\tbl\asn-bits.c(372): warning C4018: “<”: 有符号/无符号不匹配
c:\documents and settings\tk\桌面\portable\snacc-1.3\snacc-1.3-src\c-lib\tbl\asn-bits.c(393): warning C4018: “<”: 有符号/无符号不匹配
c:\documents and settings\tk\桌面\portable\snacc-1.3\snacc-1.3-src\c-lib\tbl\asn-bits.c(416): warning C4018: “<”: 有符号/无符号不匹配
  asn-any.c
  正在生成代码...
Lib:
  C:\Program Files\Microsoft Visual Studio 10.0\VC\bin\Lib.exe /OUT:"C:\Documents and Settings\tk\桌面\Portable\snacc-1.3\Debug\libasn1ctbl.lib" /NOLOGO "Debug\asn-any.obj"
  "Debug\asn-bits.obj"
  "Debug\asn-bool.obj"
  "Debug\asn-enum.obj"
  "Debug\asn-int.obj"
  "Debug\asn-len.obj"
  "Debug\asn-list.obj"
  "Debug\asn-null.obj"
  "Debug\asn-octs.obj"
  "Debug\asn-oid.obj"
  "Debug\asn-real.obj"
  "Debug\asn-tag.obj"
  "Debug\asn-useful.obj"
  "Debug\exp-buf.obj"
  Debug\hash.obj
  "Debug\nibble-alloc.obj"
  Debug\print.obj
  Debug\sbuf.obj
  "Debug\str-stk.obj"
  "Debug\tbl-dbg.obj"
  "Debug\tbl-dec.obj"
  "Debug\tbl-enc.obj"
  "Debug\tbl-free.obj"
  "Debug\tbl-gen.obj"
  "Debug\tbl-print.obj"
  "Debug\tbl-util.obj"
  Debug\tbl.obj
  libasn1ctbl.vcxproj -> C:\Documents and Settings\tk\桌面\Portable\snacc-1.3\Debug\libasn1ctbl.lib
FinalizeBuildStatus:
  正在删除文件“Debug\libasn1ctbl.unsuccessfulbuild”。
  正在对“Debug\libasn1ctbl.lastbuildstate”执行 Touch 任务。
已完成生成项目“C:\Documents and Settings\tk\桌面\Portable\snacc-1.3\libasn1ctbl\libasn1ctbl.vcxproj”(build 个目标)的操作。

生成成功。

已用时间 00:00:02.04
